\BOOKMARK [0][]{thuchapter.1.0}{\376\377\166\356\137\125}{}% 1
\BOOKMARK [0][]{chapter.1}{\376\377\173\054\0001\172\340\000\040\176\352\213\272}{}% 2
\BOOKMARK [1][-]{section.1.1}{\376\377\0001\000.\0001\000\040\154\024\117\123\166\204\140\047\215\050}{chapter.1}% 3
\BOOKMARK [2][-]{subsection.1.1.1}{\376\377\0001\000.\0001\000.\0001\000\040\154\024\117\123\122\006\133\120\225\364\166\204\166\370\116\222\117\134\165\050}{section.1.1}% 4
\BOOKMARK [2][-]{subsection.1.1.2}{\376\377\0001\000.\0001\000.\0002\000\040\164\006\140\363\154\024\117\123}{section.1.1}% 5
\BOOKMARK [2][-]{subsection.1.1.3}{\376\377\0001\000.\0001\000.\0003\000\040\123\213\137\072\060\001\156\051\136\246\060\001\121\205\200\375}{section.1.1}% 6
\BOOKMARK [2][-]{subsection.1.1.4}{\376\377\0001\000.\0001\000.\0004\000\040\136\163\127\107\201\352\165\061\172\013}{section.1.1}% 7
\BOOKMARK [2][-]{subsection.1.1.5}{\376\377\0001\000.\0001\000.\0005\000\040\173\200\123\125\217\223\217\320\163\260\214\141}{section.1.1}% 8
\BOOKMARK [1][-]{section.1.2}{\376\377\0001\000.\0002\000\040\000N\000a\000v\000i\000e\000r\000-\000S\000t\000o\000k\000e\000s\000-\000F\000o\000u\000r\000i\000e\000r\000\040\000e\000q\000u\000a\000t\000i\000o\000n\000s}{chapter.1}% 9
\BOOKMARK [1][-]{section.1.3}{\376\377\0001\000.\0003\000\040\000C\000o\000n\000t\000i\000n\000u\000u\000m\000\040\000b\000r\000e\000a\000k\000d\000o\000w\000n}{chapter.1}% 10
\BOOKMARK [2][-]{subsection.1.3.1}{\376\377\0001\000.\0003\000.\0001\000\040\000R\000e\000e\000n\000t\000r\000y\000\040\000o\000f\000\040\000s\000p\000a\000c\000e\000\040\000v\000e\000h\000i\000c\000l\000e}{section.1.3}% 11
\BOOKMARK [2][-]{subsection.1.3.2}{\376\377\0001\000.\0003\000.\0002\000\040\000M\000i\000c\000r\000o\000e\000l\000e\000c\000t\000r\000o\000m\000e\000c\000h\000a\000n\000i\000c\000a\000l\000\040\000s\000y\000s\000t\000e\000m\000s}{section.1.3}% 12
\BOOKMARK [2][-]{subsection.1.3.3}{\376\377\0001\000.\0003\000.\0003\000\040\000S\000h\000a\000l\000e\000\040\000g\000a\000s\000\040\000e\000x\000t\000r\000a\000c\000t\000i\000o\000n}{section.1.3}% 13
\BOOKMARK [2][-]{subsection.1.3.4}{\376\377\0001\000.\0003\000.\0004\000\040\000G\000l\000o\000b\000a\000l\000\040\000w\000i\000n\000d\000\040\000p\000r\000o\000f\000i\000l\000i\000n\000g}{section.1.3}% 14
\BOOKMARK [1][-]{section.1.4}{\376\377\0001\000.\0004\000\040\000S\000i\000m\000p\000l\000e\000\040\000g\000a\000s\000\040\000k\000i\000n\000e\000t\000i\000c\000\040\000t\000h\000e\000o\000r\000y}{chapter.1}% 15
\BOOKMARK [1][-]{section.1.5}{\376\377\0001\000.\0005\000\040\000K\000n\000u\000d\000s\000e\000n\000\040\000n\000u\000m\000b\000e\000r}{chapter.1}% 16
\BOOKMARK [2][-]{subsection.1.5.1}{\376\377\0001\000.\0005\000.\0001\000\040\000S\000p\000a\000t\000i\000a\000l\000\040\000K\000n\000u\000d\000s\000e\000n\000\040\000n\000u\000m\000b\000e\000r}{section.1.5}% 17
\BOOKMARK [2][-]{subsection.1.5.2}{\376\377\0001\000.\0005\000.\0002\000\040\000T\000e\000m\000p\000o\000r\000a\000l\000\040\000K\000n\000u\000d\000s\000e\000n\000\040\000n\000u\000m\000b\000e\000r}{section.1.5}% 18
\BOOKMARK [1][-]{section.1.6}{\376\377\0001\000.\0006\000\040\000M\000o\000l\000e\000c\000u\000l\000a\000r\000\040\000d\000y\000n\000a\000m\000i\000c\000s\000\040\000s\000i\000m\000u\000l\000a\000t\000i\000o\000n\000s}{chapter.1}% 19
\BOOKMARK [0][]{chapter.2}{\376\377\173\054\0002\172\340\000\040\154\024\117\123\122\250\164\006\213\272}{}% 20
\BOOKMARK [1][-]{section.2.1}{\376\377\0002\000.\0001\000\040\164\006\140\363\154\024\117\123}{chapter.2}% 21
\BOOKMARK [1][-]{section.2.2}{\376\377\0002\000.\0002\000\040\220\037\136\246\122\006\136\003\121\375\145\160\116\016\133\217\211\302\221\317}{chapter.2}% 22
\BOOKMARK [1][-]{section.2.3}{\376\377\0002\000.\0003\000\040\000B\000o\000l\000t\000z\000m\000a\000n\000n\145\271\172\013}{chapter.2}% 23
\BOOKMARK [2][-]{subsection.2.3.1}{\376\377\0002\000.\0003\000.\0001\000\040\120\117\217\154\211\322\124\214\137\256\122\006\145\143\134\004\142\052\227\142}{section.2.3}% 24
\BOOKMARK [2][-]{subsection.2.3.2}{\376\377\0002\000.\0003\000.\0002\000\040\161\265\130\236\123\237\164\006}{section.2.3}% 25
\BOOKMARK [2][-]{subsection.2.3.3}{\376\377\0002\000.\0003\000.\0003\000\040\176\277\140\047\123\026\163\273\134\024\121\171\146\374\145\271\172\013}{section.2.3}% 26
\BOOKMARK [2][-]{subsection.2.3.4}{\376\377\0002\000.\0003\000.\0004\000\040\217\223\217\320\174\373\145\160\124\214\137\033\214\153\163\207\377\032\210\150\214\141\116\016\147\054\215\050}{section.2.3}% 27
\BOOKMARK [0][]{chapter.3}{\376\377\173\054\0003\172\340\000\040\000F\000l\000u\000i\000d\000-\000d\000y\000n\000a\000m\000i\000c\000\040\000E\000q\000u\000a\000t\000i\000o\000n\000s}{}% 28
\BOOKMARK [1][-]{section.3.1}{\376\377\0003\000.\0001\000\040\000H\000i\000l\000b\000e\000r\000t\000\040\000e\000x\000p\000a\000n\000s\000i\000o\000n}{chapter.3}% 29
\BOOKMARK [1][-]{section.3.2}{\376\377\0003\000.\0002\000\040\000C\000h\000a\000p\000m\000a\000n\000-\000E\000n\000s\000k\000o\000g\000\040\000e\000x\000p\000a\000n\000s\000i\000o\000n}{chapter.3}% 30
\BOOKMARK [2][-]{subsubsection.3.2.0.1}{\376\377\0003\000.\0002\000.\0000\000.\0001\000\040\000E\000x\000p\000a\000n\000s\000i\000o\000n\000\040\000i\000n\000\040\000S\000o\000n\000i\000n\000e\000\040\000p\000o\000l\000y\000n\000o\000m\000i\000a\000l\000s}{section.3.2}% 31
\BOOKMARK [3][-]{subsubsection.3.2.0.2}{\376\377\0003\000.\0002\000.\0000\000.\0002\000\040\000E\000x\000p\000a\000n\000s\000i\000o\000n\000\040\000t\000o\000\040\000t\000h\000e\000\040\000f\000i\000r\000s\000t\000-\000o\000r\000d\000e\000r}{subsubsection.3.2.0.1}% 32
\BOOKMARK [3][-]{subsubsection.3.2.0.3}{\376\377\0003\000.\0002\000.\0000\000.\0003\000\040\000E\000x\000p\000a\000n\000s\000i\000o\000n\000\040\000t\000o\000\040\000h\000i\000g\000h\000e\000r\000-\000o\000r\000d\000e\000r\000s}{subsubsection.3.2.0.1}% 33
\BOOKMARK [3][-]{subsubsection.3.2.0.4}{\376\377\0003\000.\0002\000.\0000\000.\0004\000\040\000P\000r\000o\000b\000l\000e\000m\000s\000\040\000o\000f\000\040\000C\000h\000a\000p\000m\000a\000n\000-\000E\000n\000s\000k\000o\000g\000\040\000e\000x\000p\000a\000n\000s\000i\000o\000n}{subsubsection.3.2.0.1}% 34
\BOOKMARK [1][-]{section.3.3}{\376\377\0003\000.\0003\000\040\000M\000o\000m\000e\000n\000t\000\040\000m\000e\000t\000h\000o\000d\000s}{chapter.3}% 35
\BOOKMARK [1][-]{section.3.4}{\376\377\0003\000.\0004\000\040\000A\000c\000c\000u\000r\000a\000c\000y\000\040\000o\000f\000\040\000m\000a\000c\000r\000o\000s\000c\000o\000p\000i\000c\000\040\000e\000q\000u\000a\000t\000i\000o\000n\000s}{chapter.3}% 36
\BOOKMARK [2][-]{subsubsection.3.4.0.1}{\376\377\0003\000.\0004\000.\0000\000.\0001\000\040\000E\000q\000u\000a\000t\000i\000o\000n\000s\000\040\000f\000r\000o\000m\000\040\000C\000h\000a\000p\000m\000a\000n\000-\000E\000n\000s\000k\000o\000g\000\040\000e\000x\000p\000a\000n\000s\000i\000o\000n}{section.3.4}% 37
\BOOKMARK [3][-]{subsubsection.3.4.0.2}{\376\377\0003\000.\0004\000.\0000\000.\0002\000\040\000M\000o\000m\000e\000n\000t\000\040\000e\000q\000u\000a\000t\000i\000o\000n\000s}{subsubsection.3.4.0.1}% 38
\BOOKMARK [3][-]{subsubsection.3.4.0.3}{\376\377\0003\000.\0004\000.\0000\000.\0003\000\040\000D\000i\000s\000c\000u\000s\000s\000i\000o\000n\000s}{subsubsection.3.4.0.1}% 39
\BOOKMARK [1][-]{section.3.5}{\376\377\0003\000.\0005\000\040\000C\000o\000n\000v\000e\000r\000g\000e\000n\000c\000e\000\040\000s\000p\000e\000e\000d\000\040\000o\000f\000\040\000m\000o\000m\000e\000n\000t\000\040\000e\000q\000u\000a\000t\000i\000o\000n\000s}{chapter.3}% 40
\BOOKMARK [0][]{chapter.4}{\376\377\173\054\0004\172\340\000\040\137\353\220\037\214\061\145\271\154\325}{}% 41
\BOOKMARK [1][-]{section.4.1}{\376\377\0004\000.\0001\000\040\000I\000n\000v\000e\000r\000s\000e\000\040\000d\000e\000s\000i\000g\000n\000\040\000o\000f\000\040\000c\000o\000l\000l\000i\000s\000i\000o\000n\000\040\000k\000e\000r\000n\000e\000l}{chapter.4}% 42
\BOOKMARK [2][-]{subsection.4.1.1}{\376\377\0004\000.\0001\000.\0001\000\040\000P\000o\000w\000e\000r\000-\000l\000a\000w\000\040\000p\000o\000t\000e\000n\000t\000i\000a\000l}{section.4.1}% 43
\BOOKMARK [2][-]{subsection.4.1.2}{\376\377\0004\000.\0001\000.\0002\000\040\000L\000e\000n\000n\000a\000r\000d\000-\000J\000o\000n\000e\000s\000\040\000p\000o\000t\000e\000n\000t\000i\000a\000l}{section.4.1}% 44
\BOOKMARK [1][-]{section.4.2}{\376\377\0004\000.\0002\000\040\000N\000o\000r\000m\000a\000l\000i\000z\000a\000t\000i\000o\000n}{chapter.4}% 45
\BOOKMARK [1][-]{section.4.3}{\376\377\0004\000.\0003\000\040\000F\000a\000s\000t\000\040\000s\000p\000e\000c\000t\000r\000a\000l\000\040\000m\000e\000t\000h\000o\000d}{chapter.4}% 46
\BOOKMARK [2][-]{subsection.4.3.1}{\376\377\0004\000.\0003\000.\0001\000\040\000C\000a\000r\000l\000e\000m\000a\000n\000\040\000r\000e\000p\000r\000e\000s\000e\000n\000t\000a\000t\000i\000o\000n}{section.4.3}% 47
\BOOKMARK [2][-]{subsection.4.3.2}{\376\377\0004\000.\0003\000.\0002\000\040\000F\000o\000u\000r\000i\000e\000r\000-\000G\000a\000l\000e\000r\000k\000i\000n\000\040\000s\000p\000e\000c\000t\000r\000a\000l\000\040\000m\000e\000t\000h\000o\000d}{section.4.3}% 48
\BOOKMARK [2][-]{subsection.4.3.3}{\376\377\0004\000.\0003\000.\0003\000\040\000D\000e\000t\000a\000i\000l\000e\000d\000\040\000i\000m\000p\000l\000e\000m\000e\000n\000t\000a\000t\000i\000o\000n}{section.4.3}% 49
\BOOKMARK [3][-]{subsubsection.4.3.3.1}{\376\377\0004\000.\0003\000.\0003\000.\0001\000\040\000C\000o\000n\000s\000e\000r\000v\000a\000t\000i\000o\000n\000\040\000e\000n\000f\000o\000r\000c\000e\000m\000e\000n\000t}{subsection.4.3.3}% 50
\BOOKMARK [2][-]{subsection.4.3.4}{\376\377\0004\000.\0003\000.\0004\000\040\000N\000o\000n\000-\000u\000n\000i\000f\000o\000r\000m\000\040\000d\000i\000s\000c\000r\000e\000t\000i\000z\000a\000t\000i\000o\000n\000\040\000o\000f\000\040\000v\000e\000l\000o\000c\000i\000t\000y\000\040\000s\000p\000a\000c\000e}{section.4.3}% 51
\BOOKMARK [1][-]{section.4.4}{\376\377\0004\000.\0004\000\040\000A\000c\000c\000u\000r\000a\000c\000y\000\040\000i\000n\000\040\000h\000o\000m\000o\000g\000e\000n\000e\000o\000u\000s\000\040\000r\000e\000l\000a\000x\000a\000t\000i\000o\000n}{chapter.4}% 52
\BOOKMARK [2][-]{subsection.4.4.1}{\376\377\0004\000.\0004\000.\0001\000\040\000B\000o\000b\000y\000l\000e\000v\000-\000K\000r\000o\000o\000k\000-\000W\000u\000\040\000s\000o\000l\000u\000t\000i\000o\000n}{section.4.4}% 53
\BOOKMARK [2][-]{subsection.4.4.2}{\376\377\0004\000.\0004\000.\0002\000\040\000D\000i\000s\000c\000o\000n\000t\000i\000n\000u\000o\000u\000s\000\040\000v\000e\000l\000o\000c\000i\000t\000y\000\040\000d\000i\000s\000t\000r\000i\000b\000u\000t\000i\000o\000n\000\040\000f\000u\000n\000c\000t\000i\000o\000n}{section.4.4}% 54
\BOOKMARK [1][-]{section.4.5}{\376\377\0004\000.\0005\000\040\000A\000c\000c\000u\000r\000a\000c\000y\000\040\000i\000n\000\040\000i\000n\000h\000o\000m\000o\000g\000e\000n\000e\000o\000u\000s\000\040\000p\000r\000o\000b\000l\000e\000m\000s}{chapter.4}% 55
\BOOKMARK [2][-]{subsection.4.5.1}{\376\377\0004\000.\0005\000.\0001\000\040\000N\000o\000r\000m\000a\000l\000\040\000s\000h\000o\000c\000k\000\040\000w\000a\000v\000e\000s}{section.4.5}% 56
\BOOKMARK [3][-]{subsubsection.4.5.1.1}{\376\377\0004\000.\0005\000.\0001\000.\0001\000\040\000H\000a\000r\000d\000-\000s\000p\000h\000e\000r\000e\000\040\000p\000o\000t\000e\000n\000t\000i\000a\000l}{subsection.4.5.1}% 57
\BOOKMARK [3][-]{subsubsection.4.5.1.2}{\376\377\0004\000.\0005\000.\0001\000.\0002\000\040\000L\000e\000n\000n\000a\000r\000d\000-\000J\000o\000n\000e\000s\000\040\000p\000o\000t\000e\000n\000t\000i\000a\000l}{subsection.4.5.1}% 58
\BOOKMARK [2][-]{subsection.4.5.2}{\376\377\0004\000.\0005\000.\0002\000\040\000F\000o\000r\000c\000e\000-\000d\000r\000i\000v\000e\000n\000\040\000P\000o\000i\000s\000e\000u\000i\000l\000l\000e\000\040\000f\000l\000o\000w\000s}{section.4.5}% 59
\BOOKMARK [2][-]{subsection.4.5.3}{\376\377\0004\000.\0005\000.\0003\000\040\000T\000h\000e\000r\000m\000a\000l\000\040\000t\000r\000a\000n\000s\000p\000i\000r\000a\000t\000i\000o\000n}{section.4.5}% 60
\BOOKMARK [1][-]{section.4.6}{\376\377\0004\000.\0006\000\040\000L\000i\000n\000e\000a\000r\000i\000z\000a\000t\000i\000o\000n}{chapter.4}% 61
\BOOKMARK [2][-]{subsection.4.6.1}{\376\377\0004\000.\0006\000.\0001\000\040\000L\000e\000n\000n\000a\000r\000d\000-\000J\000o\000n\000e\000s\000\040\000p\000o\000t\000e\000n\000t\000i\000a\000l}{section.4.6}% 62
\BOOKMARK [2][-]{subsection.4.6.2}{\376\377\0004\000.\0006\000.\0002\000\040\000A\000c\000c\000u\000r\000a\000t\000e\000\040\000t\000r\000a\000n\000s\000p\000o\000r\000t\000\040\000c\000o\000e\000f\000f\000i\000c\000i\000e\000n\000t\000s}{section.4.6}% 63
\BOOKMARK [2][-]{subsection.4.6.3}{\376\377\0004\000.\0006\000.\0003\000\040\000P\000o\000i\000s\000e\000u\000i\000l\000l\000e\000\040\000f\000l\000o\000w}{section.4.6}% 64
\BOOKMARK [1][-]{section.4.7}{\376\377\0004\000.\0007\000\040\000C\000o\000n\000c\000l\000u\000d\000i\000n\000g\000\040\000r\000e\000m\000a\000r\000k\000s}{chapter.4}% 65
\BOOKMARK [0][]{chapter.5}{\376\377\173\054\0005\172\340\000\040\123\125\123\237\133\120\154\024\117\123\166\204\173\200\123\026\122\250\164\006\213\272\152\041\127\213}{}% 66
\BOOKMARK [1][-]{section.5.1}{\376\377\0005\000.\0001\000\040\152\041\127\213\145\271\172\013}{chapter.5}% 67
\BOOKMARK [2][-]{subsection.5.1.1}{\376\377\0005\000.\0001\000.\0001\000\040\000B\000G\000K\000\040\152\041\127\213}{section.5.1}% 68
\BOOKMARK [2][-]{subsection.5.1.2}{\376\377\0005\000.\0001\000.\0002\000\040\000E\000S\000-\000B\000G\000K\000\040\152\041\127\213}{section.5.1}% 69
\BOOKMARK [2][-]{subsection.5.1.3}{\376\377\0005\000.\0001\000.\0003\000\040\000S\000h\000a\000k\000h\000o\000v\000\040\152\041\127\213}{section.5.1}% 70
\BOOKMARK [2][-]{subsection.5.1.4}{\376\377\0005\000.\0001\000.\0004\000\040\000G\000r\000o\000s\000s\000-\000J\000a\000c\000k\000s\000o\000n\000\040\152\041\127\213\123\312\121\166\227\136\176\277\140\047\123\026}{section.5.1}% 71
\BOOKMARK [0][]{chapter.6}{\376\377\173\054\0006\172\340\000\040\124\010\142\020\217\355\116\343\122\240\220\037\173\227\154\325}{}% 72
\BOOKMARK [1][-]{section.6.1}{\376\377\0006\000.\0001\000\040\000P\000r\000o\000b\000l\000e\000m\000s\000\040\000o\000f\000\040\000C\000I\000S}{chapter.6}% 73
\BOOKMARK [2][-]{subsection.6.1.1}{\376\377\0006\000.\0001\000.\0001\000\040\000S\000l\000o\000w\000\040\000c\000o\000n\000v\000e\000r\000g\000e\000n\000c\000e}{section.6.1}% 74
\BOOKMARK [2][-]{subsection.6.1.2}{\376\377\0006\000.\0001\000.\0002\000\040\000F\000a\000l\000s\000e\000\040\000c\000o\000n\000v\000e\000r\000g\000e\000n\000c\000e}{section.6.1}% 75
\BOOKMARK [1][-]{section.6.2}{\376\377\0006\000.\0002\000\040\000G\000e\000n\000e\000r\000a\000l\000\040\000s\000y\000n\000t\000h\000e\000t\000i\000c\000\040\000i\000t\000e\000r\000a\000t\000i\000v\000e\000\040\000s\000c\000h\000e\000m\000e}{chapter.6}% 76
\BOOKMARK [2][-]{subsection.6.2.1}{\376\377\0006\000.\0002\000.\0001\000\040\000S\000c\000h\000e\000m\000e\000-\000I\000\040\000G\000S\000I\000S}{section.6.2}% 77
\BOOKMARK [2][-]{subsection.6.2.2}{\376\377\0006\000.\0002\000.\0002\000\040\000S\000c\000h\000e\000m\000e\000-\000I\000I\000\040\000G\000S\000I\000S}{section.6.2}% 78
\BOOKMARK [1][-]{section.6.3}{\376\377\0006\000.\0003\000\040\000P\000r\000o\000p\000e\000r\000t\000i\000e\000s\000\040\000o\000f\000\040\000G\000S\000I\000S}{chapter.6}% 79
\BOOKMARK [2][-]{subsection.6.3.1}{\376\377\0006\000.\0003\000.\0001\000\040\000S\000u\000p\000e\000r\000\040\000c\000o\000n\000v\000e\000r\000g\000e\000n\000c\000e}{section.6.3}% 80
\BOOKMARK [2][-]{subsection.6.3.2}{\376\377\0006\000.\0003\000.\0002\000\040\000A\000s\000y\000m\000p\000t\000o\000t\000i\000c\000\040\000p\000r\000e\000s\000e\000r\000v\000i\000n\000g}{section.6.3}% 81
\BOOKMARK [3][-]{subsubsection.6.3.2.1}{\376\377\0006\000.\0003\000.\0002\000.\0001\000\040\000S\000c\000h\000e\000m\000e\000\040\000I}{subsection.6.3.2}% 82
\BOOKMARK [3][-]{subsubsection.6.3.2.2}{\376\377\0006\000.\0003\000.\0002\000.\0002\000\040\000S\000c\000h\000e\000m\000e\000\040\000I\000I}{subsection.6.3.2}% 83
\BOOKMARK [1][-]{section.6.4}{\376\377\0006\000.\0004\000\040\000N\000u\000m\000e\000r\000i\000c\000a\000l\000\040\000t\000e\000s\000t\000s}{chapter.6}% 84
\BOOKMARK [2][-]{subsection.6.4.1}{\376\377\0006\000.\0004\000.\0001\000\040\000C\000o\000h\000e\000r\000e\000n\000t\000\040\000R\000a\000y\000l\000e\000i\000g\000h\000-\000B\000r\000i\000l\000l\000o\000u\000i\000n\000\040\000s\000c\000a\000t\000t\000e\000r\000i\000n\000g}{section.6.4}% 85
\BOOKMARK [2][-]{subsection.6.4.2}{\376\377\0006\000.\0004\000.\0002\000\040\000P\000l\000a\000n\000a\000r\000\040\000F\000o\000u\000r\000i\000e\000r\000\040\000f\000l\000o\000w}{section.6.4}% 86
\BOOKMARK [2][-]{subsection.6.4.3}{\376\377\0006\000.\0004\000.\0003\000\040\000C\000o\000u\000e\000t\000t\000e\000\040\000f\000l\000o\000w\000\040\000b\000e\000t\000w\000e\000e\000n\000\040\000e\000c\000c\000e\000n\000t\000r\000i\000c\000\040\000c\000y\000l\000i\000n\000d\000e\000r\000s}{section.6.4}% 87
\BOOKMARK [1][-]{section.6.5}{\376\377\0006\000.\0005\000\040\000C\000o\000n\000c\000l\000u\000d\000i\000n\000g\000\040\000r\000e\000m\000a\000r\000k\000s\000\040\000a\000n\000d\000\040\000O\000u\000t\000l\000o\000o\000k\000s}{chapter.6}% 88
\BOOKMARK [0][]{chapter.7}{\376\377\173\054\0007\172\340\000\040\000C\000o\000u\000e\000t\000t\000e\155\101\122\250}{}% 89
\BOOKMARK [1][-]{section.7.1}{\376\377\0007\000.\0001\000\040\000P\000l\000a\000n\000a\000r\000\040\000C\000o\000u\000e\000t\000t\000e\000\040\000f\000l\000o\000w}{chapter.7}% 90
\BOOKMARK [1][-]{section.7.2}{\376\377\0007\000.\0002\000\040\000V\000i\000s\000c\000o\000u\000s\000\040\000s\000l\000i\000p}{chapter.7}% 91
\BOOKMARK [2][-]{subsection.7.2.1}{\376\377\0007\000.\0002\000.\0001\000\040\000V\000i\000s\000c\000o\000u\000s\000\040\000s\000l\000i\000p\000\040\000c\000o\000e\000f\000f\000i\000c\000i\000e\000n\000t}{section.7.2}% 92
\BOOKMARK [2][-]{subsection.7.2.2}{\376\377\0007\000.\0002\000.\0002\000\040\000K\000n\000u\000d\000s\000e\000n\000\040\000l\000a\000y\000e\000r\000\040\000f\000u\000n\000c\000t\000i\000o\000n\000\040}{section.7.2}% 93
\BOOKMARK [3][-]{subsubsection.7.2.2.1}{\376\377\0007\000.\0002\000.\0002\000.\0001\000\040\000I\000n\000f\000l\000u\000e\000n\000c\000e\000\040\000o\000f\000\040\000i\000n\000t\000e\000r\000m\000o\000l\000e\000c\000u\000l\000a\000r\000\040\000p\000o\000t\000e\000n\000t\000i\000a\000l}{subsection.7.2.2}% 94
\BOOKMARK [3][-]{subsubsection.7.2.2.2}{\376\377\0007\000.\0002\000.\0002\000.\0002\000\040\000I\000n\000f\000l\000u\000e\000n\000c\000e\000\040\000o\000f\000\040\000b\000o\000u\000n\000d\000a\000r\000y\000\040\000c\000o\000n\000d\000i\000t\000i\000o\000n}{subsection.7.2.2}% 95
\BOOKMARK [3][-]{subsubsection.7.2.2.3}{\376\377\0007\000.\0002\000.\0002\000.\0003\000\040\000S\000i\000m\000i\000l\000a\000r\000i\000t\000y\000\040\000i\000n\000\040\000K\000n\000u\000d\000s\000e\000n\000\040\000l\000a\000y\000e\000r\000\040\000f\000u\000n\000c\000t\000i\000o\000n}{subsection.7.2.2}% 96
\BOOKMARK [2][-]{subsection.7.2.3}{\376\377\0007\000.\0002\000.\0003\000\040\000C\000o\000m\000p\000a\000r\000i\000s\000o\000n\000\040\000w\000i\000t\000h\000\040\000e\000x\000p\000e\000r\000i\000m\000e\000n\000t\000s}{section.7.2}% 97
\BOOKMARK [1][-]{section.7.3}{\376\377\0007\000.\0003\000\040\000P\000l\000a\000n\000a\000r\000\040\000F\000o\000u\000r\000i\000e\000r\000\040\000f\000l\000o\000w\000s}{chapter.7}% 98
\BOOKMARK [1][-]{section.7.4}{\376\377\0007\000.\0004\000\040\000T\000h\000e\000r\000m\000a\000l\000\040\000t\000r\000a\000n\000s\000p\000i\000r\000a\000t\000i\000o\000n}{chapter.7}% 99
\BOOKMARK [1][-]{section.7.5}{\376\377\0007\000.\0005\000\040\000P\000o\000i\000s\000e\000u\000i\000l\000l\000e\000\040\000f\000l\000o\000w\000\040}{chapter.7}% 100
\BOOKMARK [2][-]{subsubsection.7.5.0.1}{\376\377\0007\000.\0005\000.\0000\000.\0001\000\040\000P\000o\000i\000s\000e\000u\000i\000l\000l\000e\000\040\000f\000l\000o\000w\000\040\000b\000e\000t\000w\000e\000e\000n\000\040\000p\000a\000r\000a\000l\000l\000e\000l\000\040\000p\000l\000a\000t\000e\000s}{section.7.5}% 101
\BOOKMARK [3][-]{subsubsection.7.5.0.2}{\376\377\0007\000.\0005\000.\0000\000.\0002\000\040\000P\000o\000i\000s\000e\000u\000i\000l\000l\000e\000\040\000f\000l\000o\000w\000\040\000t\000h\000r\000o\000u\000g\000h\000\040\000a\000\040\000l\000o\000n\000g\000\040\000d\000u\000c\000t}{subsubsection.7.5.0.1}% 102
\BOOKMARK [2][-]{subsection.7.5.1}{\376\377\0007\000.\0005\000.\0001\000\040\000O\000n\000s\000a\000g\000e\000r\000-\000C\000a\000s\000i\000m\000i\000r\000\040\000r\000e\000l\000a\000t\000i\000o\000n}{section.7.5}% 103
\BOOKMARK [1][-]{section.7.6}{\376\377\0007\000.\0006\000\040\000I\000n\000f\000l\000u\000e\000n\000c\000e\000\040\000o\000f\000\040\000i\000n\000t\000e\000r\000m\000o\000l\000e\000c\000u\000l\000a\000r\000\040\000p\000o\000t\000e\000n\000t\000i\000a\000l}{chapter.7}% 104
\BOOKMARK [1][-]{section.7.7}{\376\377\0007\000.\0007\000\040\000C\000e\000r\000c\000i\000g\000n\000a\000n\000i\000-\000L\000a\000m\000p\000i\000s\000\040\000b\000o\000u\000n\000d\000a\000r\000y\000\040\000c\000o\000n\000d\000i\000t\000i\000o\000n}{chapter.7}% 105
\BOOKMARK [2][-]{subsection.7.7.1}{\376\377\0007\000.\0007\000.\0001\000\040\000P\000o\000i\000s\000e\000u\000i\000l\000l\000e\000\040\000f\000l\000o\000w\000\040\000t\000h\000r\000o\000u\000g\000h\000\040\000p\000a\000r\000a\000l\000l\000e\000l\000\040\000p\000l\000a\000t\000e\000s}{section.7.7}% 106
\BOOKMARK [2][-]{subsection.7.7.2}{\376\377\0007\000.\0007\000.\0002\000\040\000P\000o\000i\000s\000e\000u\000i\000l\000l\000e\000\040\000f\000l\000o\000w\000\040\000t\000h\000r\000o\000u\000g\000h\000\040\000l\000o\000n\000g\000\040\000t\000u\000b\000e}{section.7.7}% 107
\BOOKMARK [0][]{chapter.8}{\376\377\173\054\0008\172\340\000\040\122\006\133\120\154\024\117\123\166\204\173\200\123\026\122\250\164\006\213\272\152\041\127\213}{}% 108
\BOOKMARK [1][-]{section.8.1}{\376\377\0008\000.\0001\000\040\122\006\133\120\154\024\117\123\166\204\162\171\140\047}{chapter.8}% 109
\BOOKMARK [2][-]{subsection.8.1.1}{\376\377\0008\000.\0001\000.\0001\000\040\117\123\171\357\174\230\140\047}{section.8.1}% 110
\BOOKMARK [2][-]{subsection.8.1.2}{\376\377\0008\000.\0001\000.\0002\000\040\160\355\133\374\163\207}{section.8.1}% 111
\BOOKMARK [2][-]{subsection.8.1.3}{\376\377\0008\000.\0001\000.\0003\000\040\000D\000S\000M\000C\116\055\166\204\160\355\137\033\214\153\220\037\163\207}{section.8.1}% 112
\BOOKMARK [1][-]{section.8.2}{\376\377\0008\000.\0002\000\040\122\006\133\120\154\024\117\123\166\204\122\250\164\006\213\272\152\041\127\213\123\312\174\276\136\246}{chapter.8}% 113
\BOOKMARK [2][-]{subsection.8.2.1}{\376\377\0008\000.\0002\000.\0001\000\040\000H\000a\000n\000s\000o\000n\000-\000M\000o\000r\000s\000e\176\277\140\047\123\026\000\040\152\041\127\213}{section.8.2}% 114
\BOOKMARK [2][-]{subsection.8.2.2}{\376\377\0008\000.\0002\000.\0002\000\040\000H\000a\000n\000s\000o\000n\000-\000M\000o\000r\000s\000e\152\041\127\213\166\204\176\246\123\026\123\312\227\136\176\277\140\047\123\026}{section.8.2}% 115
\BOOKMARK [2][-]{subsection.8.2.3}{\376\377\0008\000.\0002\000.\0003\000\040\227\136\176\277\140\047\152\041\127\213}{section.8.2}% 116
\BOOKMARK [3][-]{subsubsection.8.2.3.1}{\376\377\0008\000.\0002\000.\0003\000.\0001\000\040\000R\000y\000k\000o\000v\000\040\152\041\127\213}{subsection.8.2.3}% 117
\BOOKMARK [3][-]{subsubsection.8.2.3.2}{\376\377\0008\000.\0002\000.\0003\000.\0002\000\040\000E\000S\000-\000B\000G\000K\000\040\152\041\127\213}{subsection.8.2.3}% 118
\BOOKMARK [3][-]{subsubsection.8.2.3.3}{\376\377\0008\000.\0002\000.\0003\000.\0003\000\040\124\064\152\041\127\213}{subsection.8.2.3}% 119
\BOOKMARK [2][-]{subsection.8.2.4}{\376\377\0008\000.\0002\000.\0004\000\040\152\041\127\213\145\271\172\013\174\276\136\246\153\324\217\203}{section.8.2}% 120
\BOOKMARK [3][-]{subsubsection.8.2.4.1}{\376\377\0008\000.\0002\000.\0004\000.\0001\000\040\153\143\157\300\154\342}{subsection.8.2.4}% 121
\BOOKMARK [3][-]{subsubsection.8.2.4.2}{\376\377\0008\000.\0002\000.\0004\000.\0002\000\040\136\223\162\171\000\040\155\101\122\250}{subsection.8.2.4}% 122
\BOOKMARK [3][-]{subsubsection.8.2.4.3}{\376\377\0008\000.\0002\000.\0004\000.\0003\000\040\236\246\121\113\145\257\227\346\131\226\232\161\122\250\166\204\137\256\155\101\122\250}{subsection.8.2.4}% 123
\BOOKMARK [3][-]{subsubsection.8.2.4.4}{\376\377\0008\000.\0002\000.\0004\000.\0004\000\040\134\001\225\355\145\271\201\124\116\055\166\204\160\355\210\025\122\250}{subsection.8.2.4}% 124
\BOOKMARK [1][-]{section.8.3}{\376\377\0008\000.\0003\000\040\160\355\137\033\214\153\220\037\163\207\116\015\170\156\133\232\136\246\221\317\123\026}{chapter.8}% 125
\BOOKMARK [2][-]{subsection.8.3.1}{\376\377\0008\000.\0003\000.\0001\000\040\153\143\157\300\154\342}{section.8.3}% 126
\BOOKMARK [2][-]{subsection.8.3.2}{\376\377\0008\000.\0003\000.\0002\000\040\236\246\121\113\145\257\227\346\000\040\131\226\232\161\122\250\166\204\137\256\155\101\122\250}{section.8.3}% 127
\BOOKMARK [1][-]{section.8.4}{\376\377\0008\000.\0004\000\040\170\156\133\232\160\355\155\101\137\033\214\153\220\037\163\207\166\204\145\271\154\325}{chapter.8}% 128
\BOOKMARK [2][-]{subsection.8.4.1}{\376\377\0008\000.\0004\000.\0001\000\040\122\006\133\120\122\250\122\233\133\146\152\041\142\337}{section.8.4}% 129
\BOOKMARK [2][-]{subsection.8.4.2}{\376\377\0008\000.\0004\000.\0002\000\040\164\136\122\051\000-\136\003\221\314\156\012\145\143\134\004}{section.8.4}% 130
\BOOKMARK [2][-]{subsection.8.4.3}{\376\377\0008\000.\0004\000.\0003\000\040\154\056\154\024\122\006\133\120\166\204\117\123\171\357\174\230\140\047\116\016\000E\000u\000c\000k\000e\000n\126\340\133\120}{section.8.4}% 131
\BOOKMARK [2][-]{subsection.8.4.4}{\376\377\0008\000.\0004\000.\0004\000\040\000B\000u\000l\000k\000\040\000v\000i\000s\000c\000o\000s\000i\000t\000y\000\040\000a\000n\000d\000\040\000E\000u\000c\000k\000e\000n\000\040\000f\000a\000c\000t\000o\000r\000\040\000o\000f\000\040\000N\0002}{section.8.4}% 132
\BOOKMARK [1][-]{section.8.5}{\376\377\0008\000.\0005\000\040\140\073\176\323\116\016\134\125\147\033}{chapter.8}% 133
\BOOKMARK [0][]{chapter.9}{\376\377\173\054\0009\172\340\000\040\000S\000l\000i\000p\000\040\000a\000n\000d\000\040\000J\000u\000m\000p\000\040\000C\000o\000e\000f\000f\000i\000c\000i\000e\000n\000t\000s}{}% 134
\BOOKMARK [1][-]{section.9.1}{\376\377\0009\000.\0001\000\040\000S\000t\000a\000t\000e\000\040\000o\000f\000\040\000t\000h\000e\000\040\000p\000r\000o\000b\000l\000e\000m}{chapter.9}% 135
\BOOKMARK [1][-]{section.9.2}{\376\377\0009\000.\0002\000\040\000T\000h\000e\000r\000m\000a\000l\000\040\000s\000l\000i\000p}{chapter.9}% 136
\BOOKMARK [2][-]{subsection.9.2.1}{\376\377\0009\000.\0002\000.\0001\000\040\000T\000h\000e\000r\000m\000a\000l\000\040\000s\000l\000i\000p\000\040\000c\000o\000e\000f\000f\000i\000c\000i\000e\000n\000t}{section.9.2}% 137
\BOOKMARK [2][-]{subsection.9.2.2}{\376\377\0009\000.\0002\000.\0002\000\040\000K\000n\000u\000d\000s\000e\000n\000\040\000l\000a\000y\000e\000r\000\040\000f\000u\000n\000c\000t\000i\000o\000n}{section.9.2}% 138
\BOOKMARK [2][-]{subsection.9.2.3}{\376\377\0009\000.\0002\000.\0003\000\040\000M\000o\000l\000e\000c\000u\000l\000a\000r\000\040\000g\000a\000s\000e\000s}{section.9.2}% 139
\BOOKMARK [2][-]{subsection.9.2.4}{\376\377\0009\000.\0002\000.\0004\000\040\000C\000o\000m\000p\000a\000r\000i\000s\000o\000n\000\040\000w\000i\000t\000h\000\040\000e\000x\000p\000e\000r\000i\000m\000e\000n\000t\000s}{section.9.2}% 140
\BOOKMARK [3][-]{subsubsection.9.2.4.1}{\376\377\0009\000.\0002\000.\0004\000.\0001\000\040\000A\000i\000r}{subsection.9.2.4}% 141
\BOOKMARK [3][-]{subsubsection.9.2.4.2}{\376\377\0009\000.\0002\000.\0004\000.\0002\000\040\000C\000a\000r\000b\000o\000n\000\040\000d\000i\000o\000x\000i\000d\000e}{subsection.9.2.4}% 142
\BOOKMARK [1][-]{section.9.3}{\376\377\0009\000.\0003\000\040\000T\000e\000m\000p\000e\000r\000a\000t\000u\000r\000e\000\040\000j\000u\000m\000p}{chapter.9}% 143
\BOOKMARK [2][-]{subsubsection.9.3.0.1}{\376\377\0009\000.\0003\000.\0000\000.\0001\000\040\000I\000n\000f\000l\000u\000e\000n\000c\000e\000\040\000o\000f\000\040\000i\000n\000t\000e\000r\000m\000o\000l\000e\000c\000u\000l\000a\000r\000\040\000p\000o\000t\000e\000n\000t\000i\000a\000l}{section.9.3}% 144
\BOOKMARK [3][-]{subsubsection.9.3.0.2}{\376\377\0009\000.\0003\000.\0000\000.\0002\000\040\000I\000n\000f\000l\000u\000e\000n\000c\000e\000\040\000o\000f\000\040\000r\000o\000t\000a\000t\000i\000o\000n\000a\000l\000\040\000c\000o\000l\000l\000i\000s\000i\000o\000n\000\040\000n\000u\000m\000b\000e\000r}{subsubsection.9.3.0.1}% 145
\BOOKMARK [3][-]{subsubsection.9.3.0.3}{\376\377\0009\000.\0003\000.\0000\000.\0003\000\040\000I\000n\000f\000l\000u\000e\000n\000c\000e\000\040\000o\000f\000\040\000t\000h\000e\000r\000m\000a\000l\000\040\000r\000e\000l\000a\000x\000a\000t\000i\000o\000n}{subsubsection.9.3.0.1}% 146
\BOOKMARK [0][]{section*.82}{\376\377\123\302\200\003\145\207\163\056}{}% 147
